{"C:\\Microverse\\week2\\ToDo-list\\module\\createTask.js": {"path":"C:\\Microverse\\week2\\ToDo-list\\module\\createTask.js","statementMap":{"0":{"start":{"line":9,"column":23},"end":{"line":9,"column":55}},"1":{"start":{"line":10,"column":26},"end":{"line":10,"column":54}},"2":{"start":{"line":11,"column":22},"end":{"line":11,"column":49}},"3":{"start":{"line":12,"column":29},"end":{"line":12,"column":59}},"4":{"start":{"line":14,"column":26},"end":{"line":14,"column":57}},"5":{"start":{"line":15,"column":2},"end":{"line":15,"column":36}},"6":{"start":{"line":16,"column":2},"end":{"line":16,"column":43}},"7":{"start":{"line":18,"column":2},"end":{"line":38,"column":5}},"8":{"start":{"line":19,"column":4},"end":{"line":23,"column":5}},"9":{"start":{"line":20,"column":6},"end":{"line":20,"column":28}},"10":{"start":{"line":22,"column":6},"end":{"line":22,"column":29}},"11":{"start":{"line":24,"column":4},"end":{"line":24,"column":16}},"12":{"start":{"line":27,"column":4},"end":{"line":37,"column":5}},"13":{"start":{"line":28,"column":6},"end":{"line":28,"column":43}},"14":{"start":{"line":29,"column":6},"end":{"line":29,"column":41}},"15":{"start":{"line":30,"column":6},"end":{"line":30,"column":45}},"16":{"start":{"line":31,"column":6},"end":{"line":31,"column":58}},"17":{"start":{"line":32,"column":6},"end":{"line":32,"column":45}},"18":{"start":{"line":34,"column":6},"end":{"line":34,"column":42}},"19":{"start":{"line":35,"column":6},"end":{"line":35,"column":42}},"20":{"start":{"line":36,"column":6},"end":{"line":36,"column":46}},"21":{"start":{"line":40,"column":2},"end":{"line":40,"column":52}},"22":{"start":{"line":42,"column":2},"end":{"line":44,"column":5}},"23":{"start":{"line":43,"column":4},"end":{"line":43,"column":20}},"24":{"start":{"line":46,"column":2},"end":{"line":46,"column":47}},"25":{"start":{"line":47,"column":2},"end":{"line":47,"column":50}},"26":{"start":{"line":49,"column":2},"end":{"line":49,"column":53}},"27":{"start":{"line":50,"column":2},"end":{"line":52,"column":5}},"28":{"start":{"line":51,"column":4},"end":{"line":51,"column":20}},"29":{"start":{"line":53,"column":2},"end":{"line":53,"column":43}},"30":{"start":{"line":55,"column":2},"end":{"line":55,"column":59}},"31":{"start":{"line":56,"column":2},"end":{"line":56,"column":46}},"32":{"start":{"line":57,"column":2},"end":{"line":57,"column":38}},"33":{"start":{"line":59,"column":2},"end":{"line":61,"column":5}},"34":{"start":{"line":60,"column":4},"end":{"line":60,"column":27}},"35":{"start":{"line":63,"column":2},"end":{"line":63,"column":44}},"36":{"start":{"line":65,"column":2},"end":{"line":65,"column":25}}},"fnMap":{"0":{"name":"createTask","decl":{"start":{"line":1,"column":24},"end":{"line":1,"column":34}},"loc":{"start":{"line":8,"column":2},"end":{"line":66,"column":1}},"line":8},"1":{"name":"(anonymous_1)","decl":{"start":{"line":18,"column":45},"end":{"line":18,"column":46}},"loc":{"start":{"line":18,"column":51},"end":{"line":38,"column":3}},"line":18},"2":{"name":"(anonymous_2)","decl":{"start":{"line":42,"column":47},"end":{"line":42,"column":48}},"loc":{"start":{"line":42,"column":53},"end":{"line":44,"column":3}},"line":42},"3":{"name":"(anonymous_3)","decl":{"start":{"line":50,"column":40},"end":{"line":50,"column":41}},"loc":{"start":{"line":50,"column":46},"end":{"line":52,"column":3}},"line":50},"4":{"name":"(anonymous_4)","decl":{"start":{"line":59,"column":41},"end":{"line":59,"column":42}},"loc":{"start":{"line":59,"column":47},"end":{"line":61,"column":3}},"line":59}},"branchMap":{"0":{"loc":{"start":{"line":19,"column":4},"end":{"line":23,"column":5}},"type":"if","locations":[{"start":{"line":19,"column":4},"end":{"line":23,"column":5}},{"start":{"line":21,"column":11},"end":{"line":23,"column":5}}],"line":19},"1":{"loc":{"start":{"line":27,"column":4},"end":{"line":37,"column":5}},"type":"if","locations":[{"start":{"line":27,"column":4},"end":{"line":37,"column":5}},{"start":{"line":33,"column":11},"end":{"line":37,"column":5}}],"line":27}},"s":{"0":0,"1":0,"2":0,"3":0,"4":0,"5":0,"6":0,"7":0,"8":0,"9":0,"10":0,"11":0,"12":0,"13":0,"14":0,"15":0,"16":0,"17":0,"18":0,"19":0,"20":0,"21":0,"22":0,"23":0,"24":0,"25":0,"26":0,"27":0,"28":0,"29":0,"30":0,"31":0,"32":0,"33":0,"34":0,"35":0,"36":0},"f":{"0":0,"1":0,"2":0,"3":0,"4":0},"b":{"0":[0,0],"1":[0,0]},"_coverageSchema":"1a1c01bbd47fc00a2c39e90264f33305004495a9","hash":"fbc25ee75678309e354d250813626be1162d7808"}
,"C:\\Microverse\\week2\\ToDo-list\\src\\app.js": {"path":"C:\\Microverse\\week2\\ToDo-list\\src\\app.js","statementMap":{"0":{"start":{"line":4,"column":17},"end":{"line":4,"column":53}},"1":{"start":{"line":5,"column":16},"end":{"line":5,"column":51}},"2":{"start":{"line":6,"column":23},"end":{"line":6,"column":59}},"3":{"start":{"line":7,"column":13},"end":{"line":7,"column":43}},"4":{"start":{"line":12,"column":14},"end":{"line":12,"column":61}},"5":{"start":{"line":15,"column":2},"end":{"line":15,"column":24}},"6":{"start":{"line":19,"column":2},"end":{"line":19,"column":25}},"7":{"start":{"line":23,"column":2},"end":{"line":23,"column":55}},"8":{"start":{"line":27,"column":2},"end":{"line":29,"column":5}},"9":{"start":{"line":28,"column":4},"end":{"line":28,"column":23}},"10":{"start":{"line":33,"column":2},"end":{"line":49,"column":3}},"11":{"start":{"line":34,"column":4},"end":{"line":34,"column":28}},"12":{"start":{"line":36,"column":4},"end":{"line":48,"column":9}},"13":{"start":{"line":37,"column":30},"end":{"line":37,"column":55}},"14":{"start":{"line":39,"column":32},"end":{"line":46,"column":9}},"15":{"start":{"line":47,"column":8},"end":{"line":47,"column":46}},"16":{"start":{"line":52,"column":0},"end":{"line":60,"column":2}},"17":{"start":{"line":53,"column":2},"end":{"line":53,"column":25}},"18":{"start":{"line":54,"column":2},"end":{"line":56,"column":5}},"19":{"start":{"line":55,"column":4},"end":{"line":55,"column":19}},"20":{"start":{"line":57,"column":2},"end":{"line":57,"column":18}},"21":{"start":{"line":58,"column":2},"end":{"line":58,"column":14}},"22":{"start":{"line":59,"column":2},"end":{"line":59,"column":16}},"23":{"start":{"line":63,"column":20},"end":{"line":63,"column":32}},"24":{"start":{"line":64,"column":15},"end":{"line":64,"column":66}},"25":{"start":{"line":65,"column":2},"end":{"line":65,"column":19}},"26":{"start":{"line":66,"column":2},"end":{"line":66,"column":14}},"27":{"start":{"line":68,"column":2},"end":{"line":78,"column":3}},"28":{"start":{"line":69,"column":28},"end":{"line":76,"column":5}},"29":{"start":{"line":77,"column":4},"end":{"line":77,"column":42}},"30":{"start":{"line":82,"column":27},"end":{"line":82,"column":29}},"31":{"start":{"line":84,"column":2},"end":{"line":88,"column":5}},"32":{"start":{"line":85,"column":4},"end":{"line":87,"column":5}},"33":{"start":{"line":86,"column":6},"end":{"line":86,"column":35}},"34":{"start":{"line":90,"column":2},"end":{"line":92,"column":5}},"35":{"start":{"line":91,"column":4},"end":{"line":91,"column":27}},"36":{"start":{"line":94,"column":2},"end":{"line":94,"column":18}},"37":{"start":{"line":95,"column":2},"end":{"line":95,"column":14}},"38":{"start":{"line":96,"column":2},"end":{"line":96,"column":16}},"39":{"start":{"line":100,"column":23},"end":{"line":100,"column":54}},"40":{"start":{"line":101,"column":2},"end":{"line":101,"column":29}},"41":{"start":{"line":102,"column":2},"end":{"line":102,"column":40}},"42":{"start":{"line":103,"column":2},"end":{"line":103,"column":43}},"43":{"start":{"line":105,"column":2},"end":{"line":113,"column":5}},"44":{"start":{"line":106,"column":4},"end":{"line":112,"column":5}},"45":{"start":{"line":107,"column":6},"end":{"line":107,"column":51}},"46":{"start":{"line":108,"column":6},"end":{"line":108,"column":18}},"47":{"start":{"line":109,"column":6},"end":{"line":109,"column":20}},"48":{"start":{"line":110,"column":11},"end":{"line":112,"column":5}},"49":{"start":{"line":111,"column":6},"end":{"line":111,"column":20}},"50":{"start":{"line":115,"column":26},"end":{"line":115,"column":55}},"51":{"start":{"line":116,"column":2},"end":{"line":116,"column":74}},"52":{"start":{"line":117,"column":2},"end":{"line":117,"column":24}},"53":{"start":{"line":121,"column":2},"end":{"line":121,"column":25}},"54":{"start":{"line":122,"column":2},"end":{"line":122,"column":24}},"55":{"start":{"line":126,"column":2},"end":{"line":126,"column":25}},"56":{"start":{"line":128,"column":26},"end":{"line":128,"column":39}},"57":{"start":{"line":129,"column":2},"end":{"line":131,"column":3}},"58":{"start":{"line":130,"column":4},"end":{"line":130,"column":11}},"59":{"start":{"line":133,"column":2},"end":{"line":133,"column":30}},"60":{"start":{"line":134,"column":2},"end":{"line":134,"column":21}},"61":{"start":{"line":137,"column":0},"end":{"line":139,"column":1}},"62":{"start":{"line":138,"column":2},"end":{"line":138,"column":70}},"63":{"start":{"line":141,"column":0},"end":{"line":143,"column":1}},"64":{"start":{"line":142,"column":2},"end":{"line":142,"column":52}},"65":{"start":{"line":145,"column":0},"end":{"line":145,"column":14}},"66":{"start":{"line":146,"column":0},"end":{"line":146,"column":45}},"67":{"start":{"line":148,"column":0},"end":{"line":155,"column":2}}},"fnMap":{"0":{"name":"markAsCompleted","decl":{"start":{"line":14,"column":9},"end":{"line":14,"column":24}},"loc":{"start":{"line":14,"column":31},"end":{"line":16,"column":1}},"line":14},"1":{"name":"markAsIncomplete","decl":{"start":{"line":18,"column":9},"end":{"line":18,"column":25}},"loc":{"start":{"line":18,"column":32},"end":{"line":20,"column":1}},"line":18},"2":{"name":"saveTasks","decl":{"start":{"line":22,"column":9},"end":{"line":22,"column":18}},"loc":{"start":{"line":22,"column":21},"end":{"line":24,"column":1}},"line":22},"3":{"name":"updateIndexes","decl":{"start":{"line":26,"column":9},"end":{"line":26,"column":22}},"loc":{"start":{"line":26,"column":25},"end":{"line":30,"column":1}},"line":26},"4":{"name":"(anonymous_4)","decl":{"start":{"line":27,"column":16},"end":{"line":27,"column":17}},"loc":{"start":{"line":27,"column":33},"end":{"line":29,"column":3}},"line":27},"5":{"name":"renderTasks","decl":{"start":{"line":32,"column":9},"end":{"line":32,"column":20}},"loc":{"start":{"line":32,"column":23},"end":{"line":50,"column":1}},"line":32},"6":{"name":"(anonymous_6)","decl":{"start":{"line":37,"column":12},"end":{"line":37,"column":13}},"loc":{"start":{"line":37,"column":30},"end":{"line":37,"column":55}},"line":37},"7":{"name":"(anonymous_7)","decl":{"start":{"line":38,"column":15},"end":{"line":38,"column":16}},"loc":{"start":{"line":38,"column":25},"end":{"line":48,"column":7}},"line":38},"8":{"name":"(anonymous_8)","decl":{"start":{"line":52,"column":13},"end":{"line":52,"column":14}},"loc":{"start":{"line":52,"column":24},"end":{"line":60,"column":1}},"line":52},"9":{"name":"(anonymous_9)","decl":{"start":{"line":54,"column":16},"end":{"line":54,"column":17}},"loc":{"start":{"line":54,"column":29},"end":{"line":56,"column":3}},"line":54},"10":{"name":"addNewTask","decl":{"start":{"line":62,"column":9},"end":{"line":62,"column":19}},"loc":{"start":{"line":62,"column":33},"end":{"line":79,"column":1}},"line":62},"11":{"name":"clearCompletedTasks","decl":{"start":{"line":81,"column":9},"end":{"line":81,"column":28}},"loc":{"start":{"line":81,"column":31},"end":{"line":97,"column":1}},"line":81},"12":{"name":"(anonymous_12)","decl":{"start":{"line":84,"column":16},"end":{"line":84,"column":17}},"loc":{"start":{"line":84,"column":33},"end":{"line":88,"column":3}},"line":84},"13":{"name":"(anonymous_13)","decl":{"start":{"line":90,"column":37},"end":{"line":90,"column":38}},"loc":{"start":{"line":90,"column":48},"end":{"line":92,"column":3}},"line":90},"14":{"name":"(anonymous_14)","decl":{"start":{"line":99,"column":27},"end":{"line":99,"column":28}},"loc":{"start":{"line":99,"column":37},"end":{"line":118,"column":1}},"line":99},"15":{"name":"(anonymous_15)","decl":{"start":{"line":105,"column":43},"end":{"line":105,"column":44}},"loc":{"start":{"line":105,"column":54},"end":{"line":113,"column":3}},"line":105},"16":{"name":"handleClearCompletedClick","decl":{"start":{"line":120,"column":9},"end":{"line":120,"column":34}},"loc":{"start":{"line":120,"column":42},"end":{"line":123,"column":1}},"line":120},"17":{"name":"handleFormSubmit","decl":{"start":{"line":125,"column":9},"end":{"line":125,"column":25}},"loc":{"start":{"line":125,"column":33},"end":{"line":135,"column":1}},"line":125}},"branchMap":{"0":{"loc":{"start":{"line":12,"column":14},"end":{"line":12,"column":61}},"type":"binary-expr","locations":[{"start":{"line":12,"column":14},"end":{"line":12,"column":55}},{"start":{"line":12,"column":59},"end":{"line":12,"column":61}}],"line":12},"1":{"loc":{"start":{"line":33,"column":2},"end":{"line":49,"column":3}},"type":"if","locations":[{"start":{"line":33,"column":2},"end":{"line":49,"column":3}},{"start":{},"end":{}}],"line":33},"2":{"loc":{"start":{"line":68,"column":2},"end":{"line":78,"column":3}},"type":"if","locations":[{"start":{"line":68,"column":2},"end":{"line":78,"column":3}},{"start":{},"end":{}}],"line":68},"3":{"loc":{"start":{"line":85,"column":4},"end":{"line":87,"column":5}},"type":"if","locations":[{"start":{"line":85,"column":4},"end":{"line":87,"column":5}},{"start":{},"end":{}}],"line":85},"4":{"loc":{"start":{"line":106,"column":4},"end":{"line":112,"column":5}},"type":"if","locations":[{"start":{"line":106,"column":4},"end":{"line":112,"column":5}},{"start":{"line":110,"column":11},"end":{"line":112,"column":5}}],"line":106},"5":{"loc":{"start":{"line":110,"column":11},"end":{"line":112,"column":5}},"type":"if","locations":[{"start":{"line":110,"column":11},"end":{"line":112,"column":5}},{"start":{},"end":{}}],"line":110},"6":{"loc":{"start":{"line":129,"column":2},"end":{"line":131,"column":3}},"type":"if","locations":[{"start":{"line":129,"column":2},"end":{"line":131,"column":3}},{"start":{},"end":{}}],"line":129},"7":{"loc":{"start":{"line":137,"column":0},"end":{"line":139,"column":1}},"type":"if","locations":[{"start":{"line":137,"column":0},"end":{"line":139,"column":1}},{"start":{},"end":{}}],"line":137},"8":{"loc":{"start":{"line":141,"column":0},"end":{"line":143,"column":1}},"type":"if","locations":[{"start":{"line":141,"column":0},"end":{"line":143,"column":1}},{"start":{},"end":{}}],"line":141}},"s":{"0":1,"1":1,"2":1,"3":1,"4":1,"5":0,"6":0,"7":2,"8":1,"9":0,"10":2,"11":0,"12":0,"13":0,"14":0,"15":0,"16":1,"17":1,"18":1,"19":0,"20":1,"21":1,"22":1,"23":1,"24":1,"25":1,"26":1,"27":1,"28":0,"29":0,"30":0,"31":0,"32":0,"33":0,"34":0,"35":0,"36":0,"37":0,"38":0,"39":0,"40":0,"41":0,"42":0,"43":0,"44":0,"45":0,"46":0,"47":0,"48":0,"49":0,"50":0,"51":0,"52":0,"53":0,"54":0,"55":0,"56":0,"57":0,"58":0,"59":0,"60":0,"61":1,"62":0,"63":1,"64":0,"65":1,"66":1,"67":1},"f":{"0":0,"1":0,"2":2,"3":1,"4":0,"5":2,"6":0,"7":0,"8":1,"9":0,"10":1,"11":0,"12":0,"13":0,"14":0,"15":0,"16":0,"17":0},"b":{"0":[1,1],"1":[0,2],"2":[0,1],"3":[0,0],"4":[0,0],"5":[0,0],"6":[0,0],"7":[0,1],"8":[0,1]},"_coverageSchema":"1a1c01bbd47fc00a2c39e90264f33305004495a9","hash":"04fd0c2a41d19de5de02fc5a2926356ac069c0ea"}
}
