TN:
SF:module\createTask.js
FN:1,createTask
FN:18,(anonymous_1)
FN:42,(anonymous_2)
FN:50,(anonymous_3)
FN:59,(anonymous_4)
FNF:5
FNH:0
FNDA:0,createTask
FNDA:0,(anonymous_1)
FNDA:0,(anonymous_2)
FNDA:0,(anonymous_3)
FNDA:0,(anonymous_4)
DA:9,0
DA:10,0
DA:11,0
DA:12,0
DA:14,0
DA:15,0
DA:16,0
DA:18,0
DA:19,0
DA:20,0
DA:22,0
DA:24,0
DA:27,0
DA:28,0
DA:29,0
DA:30,0
DA:31,0
DA:32,0
DA:34,0
DA:35,0
DA:36,0
DA:40,0
DA:42,0
DA:43,0
DA:46,0
DA:47,0
DA:49,0
DA:50,0
DA:51,0
DA:53,0
DA:55,0
DA:56,0
DA:57,0
DA:59,0
DA:60,0
DA:63,0
DA:65,0
LF:37
LH:0
BRDA:19,0,0,0
BRDA:19,0,1,0
BRDA:27,1,0,0
BRDA:27,1,1,0
BRF:4
BRH:0
end_of_record
TN:
SF:src\app.js
FN:14,markAsCompleted
FN:18,markAsIncomplete
FN:22,saveTasks
FN:26,updateIndexes
FN:27,(anonymous_4)
FN:32,renderTasks
FN:37,(anonymous_6)
FN:38,(anonymous_7)
FN:52,(anonymous_8)
FN:54,(anonymous_9)
FN:62,addNewTask
FN:81,clearCompletedTasks
FN:84,(anonymous_12)
FN:90,(anonymous_13)
FN:99,(anonymous_14)
FN:105,(anonymous_15)
FN:120,handleClearCompletedClick
FN:125,handleFormSubmit
FNF:18
FNH:5
FNDA:0,markAsCompleted
FNDA:0,markAsIncomplete
FNDA:2,saveTasks
FNDA:1,updateIndexes
FNDA:0,(anonymous_4)
FNDA:2,renderTasks
FNDA:0,(anonymous_6)
FNDA:0,(anonymous_7)
FNDA:1,(anonymous_8)
FNDA:0,(anonymous_9)
FNDA:1,addNewTask
FNDA:0,clearCompletedTasks
FNDA:0,(anonymous_12)
FNDA:0,(anonymous_13)
FNDA:0,(anonymous_14)
FNDA:0,(anonymous_15)
FNDA:0,handleClearCompletedClick
FNDA:0,handleFormSubmit
DA:4,1
DA:5,1
DA:6,1
DA:7,1
DA:12,1
DA:15,0
DA:19,0
DA:23,2
DA:27,1
DA:28,0
DA:33,2
DA:34,0
DA:36,0
DA:37,0
DA:39,0
DA:47,0
DA:52,1
DA:53,1
DA:54,1
DA:55,0
DA:57,1
DA:58,1
DA:59,1
DA:63,1
DA:64,1
DA:65,1
DA:66,1
DA:68,1
DA:69,0
DA:77,0
DA:82,0
DA:84,0
DA:85,0
DA:86,0
DA:90,0
DA:91,0
DA:94,0
DA:95,0
DA:96,0
DA:100,0
DA:101,0
DA:102,0
DA:103,0
DA:105,0
DA:106,0
DA:107,0
DA:108,0
DA:109,0
DA:110,0
DA:111,0
DA:115,0
DA:116,0
DA:117,0
DA:121,0
DA:122,0
DA:126,0
DA:128,0
DA:129,0
DA:130,0
DA:133,0
DA:134,0
DA:137,1
DA:138,0
DA:141,1
DA:142,0
DA:145,1
DA:146,1
DA:148,1
LF:68
LH:24
BRDA:12,0,0,1
BRDA:12,0,1,1
BRDA:33,1,0,0
BRDA:33,1,1,2
BRDA:68,2,0,0
BRDA:68,2,1,1
BRDA:85,3,0,0
BRDA:85,3,1,0
BRDA:106,4,0,0
BRDA:106,4,1,0
BRDA:110,5,0,0
BRDA:110,5,1,0
BRDA:129,6,0,0
BRDA:129,6,1,0
BRDA:137,7,0,0
BRDA:137,7,1,1
BRDA:141,8,0,0
BRDA:141,8,1,1
BRF:18
BRH:6
end_of_record
